Performing C SOURCE FILE Test CMAKE_HAVE_LIBC_PTHREAD failed with the following output:
Change Dir: /media/psf/Home/Google Drive/inoui/src/gr-iqlevels/build-linux/CMakeFiles/CMakeTmp

Run Build Command(s):/usr/bin/make cmTC_4210f/fast && /usr/bin/make -f CMakeFiles/cmTC_4210f.dir/build.make CMakeFiles/cmTC_4210f.dir/build
make[1]: Entering directory '/media/psf/Home/Google Drive/inoui/src/gr-iqlevels/build-linux/CMakeFiles/CMakeTmp'
Building C object CMakeFiles/cmTC_4210f.dir/src.c.o
/usr/bin/cc   -DCMAKE_HAVE_LIBC_PTHREAD   -std=gnu11 -o CMakeFiles/cmTC_4210f.dir/src.c.o   -c "/media/psf/Home/Google Drive/inoui/src/gr-iqlevels/build-linux/CMakeFiles/CMakeTmp/src.c"
Linking C executable cmTC_4210f
/usr/bin/cmake -E cmake_link_script CMakeFiles/cmTC_4210f.dir/link.txt --verbose=1
/usr/bin/cc  -DCMAKE_HAVE_LIBC_PTHREAD    CMakeFiles/cmTC_4210f.dir/src.c.o  -o cmTC_4210f 
/usr/bin/ld: CMakeFiles/cmTC_4210f.dir/src.c.o: in function `main':
src.c:(.text+0x46): undefined reference to `pthread_create'
/usr/bin/ld: src.c:(.text+0x52): undefined reference to `pthread_detach'
/usr/bin/ld: src.c:(.text+0x63): undefined reference to `pthread_join'
collect2: error: ld returned 1 exit status
make[1]: *** [CMakeFiles/cmTC_4210f.dir/build.make:87: cmTC_4210f] Error 1
make[1]: Leaving directory '/media/psf/Home/Google Drive/inoui/src/gr-iqlevels/build-linux/CMakeFiles/CMakeTmp'
make: *** [Makefile:121: cmTC_4210f/fast] Error 2


Source file was:
#include <pthread.h>

void* test_func(void* data)
{
  return data;
}

int main(void)
{
  pthread_t thread;
  pthread_create(&thread, NULL, test_func, NULL);
  pthread_detach(thread);
  pthread_join(thread, NULL);
  pthread_atfork(NULL, NULL, NULL);
  pthread_exit(NULL);

  return 0;
}

Determining if the function pthread_create exists in the pthreads failed with the following output:
Change Dir: /media/psf/Home/Google Drive/inoui/src/gr-iqlevels/build-linux/CMakeFiles/CMakeTmp

Run Build Command(s):/usr/bin/make cmTC_0ff75/fast && /usr/bin/make -f CMakeFiles/cmTC_0ff75.dir/build.make CMakeFiles/cmTC_0ff75.dir/build
make[1]: Entering directory '/media/psf/Home/Google Drive/inoui/src/gr-iqlevels/build-linux/CMakeFiles/CMakeTmp'
Building C object CMakeFiles/cmTC_0ff75.dir/CheckFunctionExists.c.o
/usr/bin/cc   -DCHECK_FUNCTION_EXISTS=pthread_create   -std=gnu11 -o CMakeFiles/cmTC_0ff75.dir/CheckFunctionExists.c.o   -c /usr/share/cmake-3.16/Modules/CheckFunctionExists.c
Linking C executable cmTC_0ff75
/usr/bin/cmake -E cmake_link_script CMakeFiles/cmTC_0ff75.dir/link.txt --verbose=1
/usr/bin/cc  -DCHECK_FUNCTION_EXISTS=pthread_create    CMakeFiles/cmTC_0ff75.dir/CheckFunctionExists.c.o  -o cmTC_0ff75  -lpthreads 
/usr/bin/ld: cannot find -lpthreads
collect2: error: ld returned 1 exit status
make[1]: *** [CMakeFiles/cmTC_0ff75.dir/build.make:87: cmTC_0ff75] Error 1
make[1]: Leaving directory '/media/psf/Home/Google Drive/inoui/src/gr-iqlevels/build-linux/CMakeFiles/CMakeTmp'
make: *** [Makefile:121: cmTC_0ff75/fast] Error 2



